  a.cpp
C:\Users\romap\Desktop\lab2\a.cpp(1,7): error C4430: отсутствует спецификатор типа - предполагается int. Примечание. C++ не поддерживает int по умолчанию
C:\Users\romap\Desktop\lab2\a.cpp(4,24): error C4430: отсутствует спецификатор типа - предполагается int. Примечание. C++ не поддерживает int по умолчанию
C:\Users\romap\Desktop\lab2\a.cpp(4,1): error C2086: int module: переопределение
C:\Users\romap\Desktop\lab2\a.cpp(1): message : см. объявление "module"
C:\Users\romap\Desktop\lab2\a.cpp(4,8): error C2146: синтаксическая ошибка: отсутствие ";" перед идентификатором "Kokurin1bib21045"
  A.ixx
C:\Users\romap\Desktop\lab2\A.ixx(1,1): error C3378: объявление можно экспортировать только из блока интерфейса модуля
C:\Users\romap\Desktop\lab2\A.ixx(1,31): error C4430: отсутствует спецификатор типа - предполагается int. Примечание. C++ не поддерживает int по умолчанию
C:\Users\romap\Desktop\lab2\A.ixx(1,15): error C2146: синтаксическая ошибка: отсутствие ";" перед идентификатором "Kokurin1bib21045"
C:\Users\romap\Desktop\lab2\A.ixx(1,33): error C4430: отсутствует спецификатор типа - предполагается int. Примечание. C++ не поддерживает int по умолчанию
  f1.cpp
C:\Users\romap\Desktop\lab2\f1.cpp(1,7): error C4430: отсутствует спецификатор типа - предполагается int. Примечание. C++ не поддерживает int по умолчанию
C:\Users\romap\Desktop\lab2\f1.cpp(4,24): error C4430: отсутствует спецификатор типа - предполагается int. Примечание. C++ не поддерживает int по умолчанию
C:\Users\romap\Desktop\lab2\f1.cpp(4,1): error C2086: int module: переопределение
C:\Users\romap\Desktop\lab2\f1.cpp(1): message : см. объявление "module"
C:\Users\romap\Desktop\lab2\f1.cpp(4,8): error C2146: синтаксическая ошибка: отсутствие ";" перед идентификатором "Kokurin1bib21045"
  F1.ixx
C:\Users\romap\Desktop\lab2\F1.ixx(1,1): error C3378: объявление можно экспортировать только из блока интерфейса модуля
C:\Users\romap\Desktop\lab2\F1.ixx(1,31): error C4430: отсутствует спецификатор типа - предполагается int. Примечание. C++ не поддерживает int по умолчанию
C:\Users\romap\Desktop\lab2\F1.ixx(1,15): error C2146: синтаксическая ошибка: отсутствие ";" перед идентификатором "Kokurin1bib21045"
C:\Users\romap\Desktop\lab2\F1.ixx(1,34): error C4430: отсутствует спецификатор типа - предполагается int. Примечание. C++ не поддерживает int по умолчанию
C:\Users\romap\Desktop\lab2\F1.ixx(2,8): error C2143: синтаксическая ошибка: отсутствие ";" перед "строка"
C:\Users\romap\Desktop\lab2\F1.ixx(2,8): error C4430: отсутствует спецификатор типа - предполагается int. Примечание. C++ не поддерживает int по умолчанию
C:\Users\romap\Desktop\lab2\F1.ixx(8,5): error C3378: объявление можно экспортировать только из блока интерфейса модуля
  f2.cpp
C:\Users\romap\Desktop\lab2\f2.cpp(1,7): error C4430: отсутствует спецификатор типа - предполагается int. Примечание. C++ не поддерживает int по умолчанию
C:\Users\romap\Desktop\lab2\f2.cpp(4,24): error C4430: отсутствует спецификатор типа - предполагается int. Примечание. C++ не поддерживает int по умолчанию
C:\Users\romap\Desktop\lab2\f2.cpp(4,1): error C2086: int module: переопределение
C:\Users\romap\Desktop\lab2\f2.cpp(1): message : см. объявление "module"
C:\Users\romap\Desktop\lab2\f2.cpp(4,8): error C2146: синтаксическая ошибка: отсутствие ";" перед идентификатором "Kokurin1bib21045"
  F2.ixx
C:\Users\romap\Desktop\lab2\F2.ixx(1,1): error C3378: объявление можно экспортировать только из блока интерфейса модуля
C:\Users\romap\Desktop\lab2\F2.ixx(1,31): error C4430: отсутствует спецификатор типа - предполагается int. Примечание. C++ не поддерживает int по умолчанию
C:\Users\romap\Desktop\lab2\F2.ixx(1,15): error C2146: синтаксическая ошибка: отсутствие ";" перед идентификатором "Kokurin1bib21045"
C:\Users\romap\Desktop\lab2\F2.ixx(1,34): error C4430: отсутствует спецификатор типа - предполагается int. Примечание. C++ не поддерживает int по умолчанию
C:\Users\romap\Desktop\lab2\F2.ixx(2,8): error C2143: синтаксическая ошибка: отсутствие ";" перед "строка"
C:\Users\romap\Desktop\lab2\F2.ixx(2,8): error C4430: отсутствует спецификатор типа - предполагается int. Примечание. C++ не поддерживает int по умолчанию
C:\Users\romap\Desktop\lab2\F2.ixx(8,5): error C3378: объявление можно экспортировать только из блока интерфейса модуля
  f3.cpp
C:\Users\romap\Desktop\lab2\f3.cpp(1,24): error C4430: отсутствует спецификатор типа - предполагается int. Примечание. C++ не поддерживает int по умолчанию
C:\Users\romap\Desktop\lab2\f3.cpp(1,8): error C2146: синтаксическая ошибка: отсутствие ";" перед идентификатором "Kokurin1bib21045"
  F3.ixx
C:\Users\romap\Desktop\lab2\F3.ixx(1,1): error C3378: объявление можно экспортировать только из блока интерфейса модуля
C:\Users\romap\Desktop\lab2\F3.ixx(1,31): error C4430: отсутствует спецификатор типа - предполагается int. Примечание. C++ не поддерживает int по умолчанию
C:\Users\romap\Desktop\lab2\F3.ixx(1,15): error C2146: синтаксическая ошибка: отсутствие ";" перед идентификатором "Kokurin1bib21045"
C:\Users\romap\Desktop\lab2\F3.ixx(1,34): error C4430: отсутствует спецификатор типа - предполагается int. Примечание. C++ не поддерживает int по умолчанию
C:\Users\romap\Desktop\lab2\F3.ixx(3,8): error C4430: отсутствует спецификатор типа - предполагается int. Примечание. C++ не поддерживает int по умолчанию
C:\Users\romap\Desktop\lab2\F3.ixx(3,8): error C2059: синтаксическая ошибка: :
C:\Users\romap\Desktop\lab2\F3.ixx(3,10): error C4430: отсутствует спецификатор типа - предполагается int. Примечание. C++ не поддерживает int по умолчанию
C:\Users\romap\Desktop\lab2\F3.ixx(9,5): error C3378: объявление можно экспортировать только из блока интерфейса модуля
  f4.cpp
C:\Users\romap\Desktop\lab2\f4.cpp(1,7): error C4430: отсутствует спецификатор типа - предполагается int. Примечание. C++ не поддерживает int по умолчанию
C:\Users\romap\Desktop\lab2\f4.cpp(4,24): error C4430: отсутствует спецификатор типа - предполагается int. Примечание. C++ не поддерживает int по умолчанию
C:\Users\romap\Desktop\lab2\f4.cpp(4,1): error C2086: int module: переопределение
C:\Users\romap\Desktop\lab2\f4.cpp(1): message : см. объявление "module"
C:\Users\romap\Desktop\lab2\f4.cpp(4,8): error C2146: синтаксическая ошибка: отсутствие ";" перед идентификатором "Kokurin1bib21045"
  F4.ixx
C:\Users\romap\Desktop\lab2\F4.ixx(1,1): error C3378: объявление можно экспортировать только из блока интерфейса модуля
C:\Users\romap\Desktop\lab2\F4.ixx(1,31): error C4430: отсутствует спецификатор типа - предполагается int. Примечание. C++ не поддерживает int по умолчанию
C:\Users\romap\Desktop\lab2\F4.ixx(1,15): error C2146: синтаксическая ошибка: отсутствие ";" перед идентификатором "Kokurin1bib21045"
C:\Users\romap\Desktop\lab2\F4.ixx(1,34): error C4430: отсутствует спецификатор типа - предполагается int. Примечание. C++ не поддерживает int по умолчанию
C:\Users\romap\Desktop\lab2\F4.ixx(2,8): error C2143: синтаксическая ошибка: отсутствие ";" перед "строка"
C:\Users\romap\Desktop\lab2\F4.ixx(2,8): error C4430: отсутствует спецификатор типа - предполагается int. Примечание. C++ не поддерживает int по умолчанию
C:\Users\romap\Desktop\lab2\F4.ixx(3,8): error C4430: отсутствует спецификатор типа - предполагается int. Примечание. C++ не поддерживает int по умолчанию
C:\Users\romap\Desktop\lab2\F4.ixx(3,1): error C2086: int import: переопределение
C:\Users\romap\Desktop\lab2\F4.ixx(2): message : см. объявление "import"
C:\Users\romap\Desktop\lab2\F4.ixx(3,8): error C2059: синтаксическая ошибка: :
C:\Users\romap\Desktop\lab2\F4.ixx(3,10): error C4430: отсутствует спецификатор типа - предполагается int. Примечание. C++ не поддерживает int по умолчанию
C:\Users\romap\Desktop\lab2\F4.ixx(9,5): error C3378: объявление можно экспортировать только из блока интерфейса модуля
  main.cpp
C:\Users\romap\Desktop\lab2\main.cpp(3,24): error C4430: отсутствует спецификатор типа - предполагается int. Примечание. C++ не поддерживает int по умолчанию
C:\Users\romap\Desktop\lab2\main.cpp(3,8): error C2146: синтаксическая ошибка: отсутствие ";" перед идентификатором "Kokurin1bib21045"
C:\Users\romap\Desktop\lab2\main.cpp(24,31): error C2653: RBPO: не является именем класса или пространства имен
C:\Users\romap\Desktop\lab2\main.cpp(24,61): error C3861: f1: идентификатор не найден
C:\Users\romap\Desktop\lab2\main.cpp(25,22): error C2653: RBPO: не является именем класса или пространства имен
C:\Users\romap\Desktop\lab2\main.cpp(25,52): error C3861: f2: идентификатор не найден
C:\Users\romap\Desktop\lab2\main.cpp(26,22): error C2653: RBPO: не является именем класса или пространства имен
C:\Users\romap\Desktop\lab2\main.cpp(26,52): error C3861: f3: идентификатор не найден
C:\Users\romap\Desktop\lab2\main.cpp(27,24): error C2653: RBPO: не является именем класса или пространства имен
C:\Users\romap\Desktop\lab2\main.cpp(27,54): error C3861: f4: идентификатор не найден
C:\Users\romap\Desktop\lab2\main.cpp(32,31): error C2653: RBPO: не является именем класса или пространства имен
C:\Users\romap\Desktop\lab2\main.cpp(32,61): error C3861: f1: идентификатор не найден
C:\Users\romap\Desktop\lab2\main.cpp(33,22): error C2653: RBPO: не является именем класса или пространства имен
C:\Users\romap\Desktop\lab2\main.cpp(33,52): error C3861: f2: идентификатор не найден
C:\Users\romap\Desktop\lab2\main.cpp(34,22): error C2653: RBPO: не является именем класса или пространства имен
C:\Users\romap\Desktop\lab2\main.cpp(34,52): error C3861: f3: идентификатор не найден
C:\Users\romap\Desktop\lab2\main.cpp(35,24): error C2653: RBPO: не является именем класса или пространства имен
C:\Users\romap\Desktop\lab2\main.cpp(35,54): error C3861: f4: идентификатор не найден
C:\Users\romap\Desktop\lab2\main.cpp(40,31): error C2653: RBPO: не является именем класса или пространства имен
C:\Users\romap\Desktop\lab2\main.cpp(40,61): error C3861: f1: идентификатор не найден
C:\Users\romap\Desktop\lab2\main.cpp(41,22): error C2653: RBPO: не является именем класса или пространства имен
C:\Users\romap\Desktop\lab2\main.cpp(41,52): error C3861: f2: идентификатор не найден
C:\Users\romap\Desktop\lab2\main.cpp(42,22): error C2653: RBPO: не является именем класса или пространства имен
C:\Users\romap\Desktop\lab2\main.cpp(42,52): error C3861: f3: идентификатор не найден
C:\Users\romap\Desktop\lab2\main.cpp(43,24): error C2653: RBPO: не является именем класса или пространства имен
C:\Users\romap\Desktop\lab2\main.cpp(43,54): error C3861: f4: идентификатор не найден
C:\Users\romap\Desktop\lab2\main.cpp(48,31): error C2653: RBPO: не является именем класса или пространства имен
C:\Users\romap\Desktop\lab2\main.cpp(48,61): error C3861: f1: идентификатор не найден
C:\Users\romap\Desktop\lab2\main.cpp(49,22): error C2653: RBPO: не является именем класса или пространства имен
C:\Users\romap\Desktop\lab2\main.cpp(49,52): error C3861: f2: идентификатор не найден
C:\Users\romap\Desktop\lab2\main.cpp(50,22): error C2653: RBPO: не является именем класса или пространства имен
C:\Users\romap\Desktop\lab2\main.cpp(50,52): error C3861: f3: идентификатор не найден
C:\Users\romap\Desktop\lab2\main.cpp(51,24): error C2653: RBPO: не является именем класса или пространства имен
C:\Users\romap\Desktop\lab2\main.cpp(51,54): error C3861: f4: идентификатор не найден
C:\Users\romap\Desktop\lab2\main.cpp(56,31): error C2653: RBPO: не является именем класса или пространства имен
C:\Users\romap\Desktop\lab2\main.cpp(56,61): error C3861: f1: идентификатор не найден
C:\Users\romap\Desktop\lab2\main.cpp(57,22): error C2653: RBPO: не является именем класса или пространства имен
C:\Users\romap\Desktop\lab2\main.cpp(57,52): error C3861: f2: идентификатор не найден
C:\Users\romap\Desktop\lab2\main.cpp(58,22): error C2653: RBPO: не является именем класса или пространства имен
C:\Users\romap\Desktop\lab2\main.cpp(58,52): error C3861: f3: идентификатор не найден
C:\Users\romap\Desktop\lab2\main.cpp(59,24): error C2653: RBPO: не является именем класса или пространства имен
C:\Users\romap\Desktop\lab2\main.cpp(59,54): error C3861: f4: идентификатор не найден
  ModuleA.cpp
C:\Users\romap\Desktop\lab2\ModuleA.cpp(1,24): error C4430: отсутствует спецификатор типа - предполагается int. Примечание. C++ не поддерживает int по умолчанию
C:\Users\romap\Desktop\lab2\ModuleA.cpp(1,8): error C2146: синтаксическая ошибка: отсутствие ";" перед идентификатором "Kokurin1bib21045"
C:\Users\romap\Desktop\lab2\ModuleA.cpp(1,26): error C4430: отсутствует спецификатор типа - предполагается int. Примечание. C++ не поддерживает int по умолчанию
  ModuleF1.cpp
C:\Users\romap\Desktop\lab2\ModuleF1.cpp(1,24): error C4430: отсутствует спецификатор типа - предполагается int. Примечание. C++ не поддерживает int по умолчанию
C:\Users\romap\Desktop\lab2\ModuleF1.cpp(1,8): error C2146: синтаксическая ошибка: отсутствие ";" перед идентификатором "Kokurin1bib21045"
C:\Users\romap\Desktop\lab2\ModuleF1.cpp(1,27): error C4430: отсутствует спецификатор типа - предполагается int. Примечание. C++ не поддерживает int по умолчанию
C:\Users\romap\Desktop\lab2\ModuleF1.cpp(14,26): error C3861: sqrt: идентификатор не найден
C:\Users\romap\Desktop\lab2\ModuleF1.cpp(14,9): error C3861: sqrt: идентификатор не найден
C:\Users\romap\Desktop\lab2\ModuleF1.cpp(14,46): error C3861: sqrt: идентификатор не найден
  ModuleF2.cpp
C:\Users\romap\Desktop\lab2\ModuleF2.cpp(1,24): error C4430: отсутствует спецификатор типа - предполагается int. Примечание. C++ не поддерживает int по умолчанию
C:\Users\romap\Desktop\lab2\ModuleF2.cpp(1,8): error C2146: синтаксическая ошибка: отсутствие ";" перед идентификатором "Kokurin1bib21045"
C:\Users\romap\Desktop\lab2\ModuleF2.cpp(1,27): error C4430: отсутствует спецификатор типа - предполагается int. Примечание. C++ не поддерживает int по умолчанию
C:\Users\romap\Desktop\lab2\ModuleF2.cpp(14,21): error C3861: abs: идентификатор не найден
C:\Users\romap\Desktop\lab2\ModuleF2.cpp(14,17): error C3861: cos: идентификатор не найден
C:\Users\romap\Desktop\lab2\ModuleF2.cpp(14,35): error C3861: sqrt: идентификатор не найден
  ModuleF3.cpp
C:\Users\romap\Desktop\lab2\ModuleF3.cpp(1,24): error C4430: отсутствует спецификатор типа - предполагается int. Примечание. C++ не поддерживает int по умолчанию
C:\Users\romap\Desktop\lab2\ModuleF3.cpp(1,8): error C2146: синтаксическая ошибка: отсутствие ";" перед идентификатором "Kokurin1bib21045"
C:\Users\romap\Desktop\lab2\ModuleF3.cpp(1,27): error C4430: отсутствует спецификатор типа - предполагается int. Примечание. C++ не поддерживает int по умолчанию
C:\Users\romap\Desktop\lab2\ModuleF3.cpp(14,15): error C3861: a: идентификатор не найден
C:\Users\romap\Desktop\lab2\ModuleF3.cpp(15,32): error C3861: a: идентификатор не найден
  ModuleF4.cpp
C:\Users\romap\Desktop\lab2\ModuleF4.cpp(1,24): error C4430: отсутствует спецификатор типа - предполагается int. Примечание. C++ не поддерживает int по умолчанию
C:\Users\romap\Desktop\lab2\ModuleF4.cpp(1,8): error C2146: синтаксическая ошибка: отсутствие ";" перед идентификатором "Kokurin1bib21045"
C:\Users\romap\Desktop\lab2\ModuleF4.cpp(1,27): error C4430: отсутствует спецификатор типа - предполагается int. Примечание. C++ не поддерживает int по умолчанию
C:\Users\romap\Desktop\lab2\ModuleF4.cpp(14,15): error C3861: a: идентификатор не найден
C:\Users\romap\Desktop\lab2\ModuleF4.cpp(15,21): error C3861: a: идентификатор не найден
C:\Users\romap\Desktop\lab2\ModuleF4.cpp(15,35): error C3861: a: идентификатор не найден
C:\Users\romap\Desktop\lab2\ModuleF4.cpp(15,47): error C3861: abs: идентификатор не найден
C:\Users\romap\Desktop\lab2\ModuleF4.cpp(15,101): error C3861: a: идентификатор не найден
  Oshkin1bib21024.cpp
C:\Users\romap\Desktop\lab2\Oshkin1bib21024.cpp(1,7): error C4430: отсутствует спецификатор типа - предполагается int. Примечание. C++ не поддерживает int по умолчанию
C:\Users\romap\Desktop\lab2\Oshkin1bib21024.cpp(4,24): error C4430: отсутствует спецификатор типа - предполагается int. Примечание. C++ не поддерживает int по умолчанию
C:\Users\romap\Desktop\lab2\Oshkin1bib21024.cpp(4,1): error C2086: int module: переопределение
C:\Users\romap\Desktop\lab2\Oshkin1bib21024.cpp(1): message : см. объявление "module"
C:\Users\romap\Desktop\lab2\Oshkin1bib21024.cpp(4,8): error C2146: синтаксическая ошибка: отсутствие ";" перед идентификатором "Kokurin1bib21045"
  Oshkin1bib21024.ixx
C:\Users\romap\Desktop\lab2\Oshkin1bib21024.ixx(1,7): error C4430: отсутствует спецификатор типа - предполагается int. Примечание. C++ не поддерживает int по умолчанию
C:\Users\romap\Desktop\lab2\Oshkin1bib21024.ixx(3,1): error C3378: объявление можно экспортировать только из блока интерфейса модуля
C:\Users\romap\Desktop\lab2\Oshkin1bib21024.ixx(3,31): error C4430: отсутствует спецификатор типа - предполагается int. Примечание. C++ не поддерживает int по умолчанию
C:\Users\romap\Desktop\lab2\Oshkin1bib21024.ixx(3,8): error C2086: int module: переопределение
C:\Users\romap\Desktop\lab2\Oshkin1bib21024.ixx(1): message : см. объявление "module"
C:\Users\romap\Desktop\lab2\Oshkin1bib21024.ixx(3,15): error C2146: синтаксическая ошибка: отсутствие ";" перед идентификатором "Kokurin1bib21045"
C:\Users\romap\Desktop\lab2\Oshkin1bib21024.ixx(5,1): error C3378: объявление можно экспортировать только из блока интерфейса модуля
C:\Users\romap\Desktop\lab2\Oshkin1bib21024.ixx(5,15): error C4430: отсутствует спецификатор типа - предполагается int. Примечание. C++ не поддерживает int по умолчанию
C:\Users\romap\Desktop\lab2\Oshkin1bib21024.ixx(5,15): error C2059: синтаксическая ошибка: :
C:\Users\romap\Desktop\lab2\Oshkin1bib21024.ixx(5,18): error C4430: отсутствует спецификатор типа - предполагается int. Примечание. C++ не поддерживает int по умолчанию
C:\Users\romap\Desktop\lab2\Oshkin1bib21024.ixx(6,1): error C3378: объявление можно экспортировать только из блока интерфейса модуля
C:\Users\romap\Desktop\lab2\Oshkin1bib21024.ixx(6,15): error C4430: отсутствует спецификатор типа - предполагается int. Примечание. C++ не поддерживает int по умолчанию
C:\Users\romap\Desktop\lab2\Oshkin1bib21024.ixx(6,8): error C2086: int import: переопределение
C:\Users\romap\Desktop\lab2\Oshkin1bib21024.ixx(5): message : см. объявление "import"
C:\Users\romap\Desktop\lab2\Oshkin1bib21024.ixx(6,15): error C2059: синтаксическая ошибка: :
C:\Users\romap\Desktop\lab2\Oshkin1bib21024.ixx(6,18): error C4430: отсутствует спецификатор типа - предполагается int. Примечание. C++ не поддерживает int по умолчанию
C:\Users\romap\Desktop\lab2\Oshkin1bib21024.ixx(7,1): error C3378: объявление можно экспортировать только из блока интерфейса модуля
C:\Users\romap\Desktop\lab2\Oshkin1bib21024.ixx(7,15): error C4430: отсутствует спецификатор типа - предполагается int. Примечание. C++ не поддерживает int по умолчанию
C:\Users\romap\Desktop\lab2\Oshkin1bib21024.ixx(7,8): error C2086: int import: переопределение
C:\Users\romap\Desktop\lab2\Oshkin1bib21024.ixx(5): message : см. объявление "import"
C:\Users\romap\Desktop\lab2\Oshkin1bib21024.ixx(7,15): error C2059: синтаксическая ошибка: :
C:\Users\romap\Desktop\lab2\Oshkin1bib21024.ixx(7,17): error C4430: отсутствует спецификатор типа - предполагается int. Примечание. C++ не поддерживает int по умолчанию
C:\Users\romap\Desktop\lab2\Oshkin1bib21024.ixx(8,1): error C3378: объявление можно экспортировать только из блока интерфейса модуля
C:\Users\romap\Desktop\lab2\Oshkin1bib21024.ixx(8,15): error C4430: отсутствует спецификатор типа - предполагается int. Примечание. C++ не поддерживает int по умолчанию
C:\Users\romap\Desktop\lab2\Oshkin1bib21024.ixx(8,8): error C2086: int import: переопределение
C:\Users\romap\Desktop\lab2\Oshkin1bib21024.ixx(5): message : см. объявление "import"
C:\Users\romap\Desktop\lab2\Oshkin1bib21024.ixx(8,15): error C2059: синтаксическая ошибка: :
C:\Users\romap\Desktop\lab2\Oshkin1bib21024.ixx(8,18): error C4430: отсутствует спецификатор типа - предполагается int. Примечание. C++ не поддерживает int по умолчанию
C:\Users\romap\Desktop\lab2\Oshkin1bib21024.ixx(9,1): error C3378: объявление можно экспортировать только из блока интерфейса модуля
C:\Users\romap\Desktop\lab2\Oshkin1bib21024.ixx(9,15): error C4430: отсутствует спецификатор типа - предполагается int. Примечание. C++ не поддерживает int по умолчанию
C:\Users\romap\Desktop\lab2\Oshkin1bib21024.ixx(9,8): error C2086: int import: переопределение
C:\Users\romap\Desktop\lab2\Oshkin1bib21024.ixx(5): message : см. объявление "import"
C:\Users\romap\Desktop\lab2\Oshkin1bib21024.ixx(9,15): error C2059: синтаксическая ошибка: :
C:\Users\romap\Desktop\lab2\Oshkin1bib21024.ixx(9,18): error C4430: отсутствует спецификатор типа - предполагается int. Примечание. C++ не поддерживает int по умолчанию
C:\Users\romap\Desktop\lab2\Oshkin1bib21024.ixx(16,5): error C3378: объявление можно экспортировать только из блока интерфейса модуля
C:\Users\romap\Desktop\lab2\Oshkin1bib21024.ixx(17,5): error C3378: объявление можно экспортировать только из блока интерфейса модуля
C:\Users\romap\Desktop\lab2\Oshkin1bib21024.ixx(18,5): error C3378: объявление можно экспортировать только из блока интерфейса модуля
C:\Users\romap\Desktop\lab2\Oshkin1bib21024.ixx(19,5): error C3378: объявление можно экспортировать только из блока интерфейса модуля
C:\Users\romap\Desktop\lab2\Oshkin1bib21024.ixx(22,4): error C3378: объявление можно экспортировать только из блока интерфейса модуля
C:\Users\romap\Desktop\lab2\Oshkin1bib21024.ixx(29,5): error C3378: объявление можно экспортировать только из блока интерфейса модуля
C:\Users\romap\Desktop\lab2\Oshkin1bib21024.ixx(30,5): error C3378: объявление можно экспортировать только из блока интерфейса модуля
C:\Users\romap\Desktop\lab2\Oshkin1bib21024.ixx(31,5): error C3378: объявление можно экспортировать только из блока интерфейса модуля
C:\Users\romap\Desktop\lab2\Oshkin1bib21024.ixx(32,5): error C3378: объявление можно экспортировать только из блока интерфейса модуля
C:\Users\romap\Desktop\lab2\Oshkin1bib21024.ixx(36,5): error C3378: объявление можно экспортировать только из блока интерфейса модуля
C:\Users\romap\Desktop\lab2\Oshkin1bib21024.ixx(37,5): error C3378: объявление можно экспортировать только из блока интерфейса модуля
C:\Users\romap\Desktop\lab2\Oshkin1bib21024.ixx(38,5): error C3378: объявление можно экспортировать только из блока интерфейса модуля
C:\Users\romap\Desktop\lab2\Oshkin1bib21024.ixx(39,5): error C3378: объявление можно экспортировать только из блока интерфейса модуля
C:\Users\romap\Desktop\lab2\Oshkin1bib21024.ixx(53,53): warning C4244: аргумент: преобразование "unsigned __int64" в "int", возможна потеря данных
C:\Users\romap\Desktop\lab2\Oshkin1bib21024.ixx(73,8): error C4430: отсутствует спецификатор типа - предполагается int. Примечание. C++ не поддерживает int по умолчанию
C:\Users\romap\Desktop\lab2\Oshkin1bib21024.ixx(73,1): error C2086: int module: переопределение
C:\Users\romap\Desktop\lab2\Oshkin1bib21024.ixx(1): message : см. объявление "module"
C:\Users\romap\Desktop\lab2\Oshkin1bib21024.ixx(73,8): error C2059: синтаксическая ошибка: :
C:\Users\romap\Desktop\lab2\Oshkin1bib21024.ixx(73,9): error C2059: синтаксическая ошибка: private
  Создание кода...
